  Main.cpp
C:\Users\SiWon\Desktop\MyFolder\전공과목\C프로그래밍 example\Project8\Point.h(2,16): error C2065: 'Point': 선언되지 않은 식별자입니다.
C:\Users\SiWon\Desktop\MyFolder\전공과목\C프로그래밍 example\Project8\Point.h(2,23): error C2065: 'p': 선언되지 않은 식별자입니다.
C:\Users\SiWon\Desktop\MyFolder\전공과목\C프로그래밍 example\Project8\Point.h(2,26): error C2062: 예기치 않은 'int' 형식입니다.
C:\Users\SiWon\Desktop\MyFolder\전공과목\C프로그래밍 example\Project8\Point.h(3,1): error C2143: 구문 오류: ';'이(가) '{' 앞에 없습니다.
C:\Users\SiWon\Desktop\MyFolder\전공과목\C프로그래밍 example\Project8\Point.h(3,1): error C2447: '{': 함수 헤더가 없습니다. 이전 스타일의 형식 목록입니까?
C:\Users\SiWon\Desktop\MyFolder\전공과목\C프로그래밍 example\Project8\Point.h(7,18): error C2065: 'Point': 선언되지 않은 식별자입니다.
C:\Users\SiWon\Desktop\MyFolder\전공과목\C프로그래밍 example\Project8\Point.h(7,25): error C2065: 'p': 선언되지 않은 식별자입니다.
C:\Users\SiWon\Desktop\MyFolder\전공과목\C프로그래밍 example\Project8\Point.h(7,6): error C2182: 'UninitPoint': 'void' 형식을 잘못 사용했습니다.
C:\Users\SiWon\Desktop\MyFolder\전공과목\C프로그래밍 example\Project8\Point.h(8,1): error C2448: 'UninitPoint': 함수 스타일 이니셜라이저가 함수 정의처럼 나타납니다.
C:\Users\SiWon\Desktop\MyFolder\전공과목\C프로그래밍 example\Project8\Point.h(12,28): error C4430: 형식 지정자가 없습니다. int로 가정합니다. 참고: C++에서는 기본 int를 지원하지 않습니다.
C:\Users\SiWon\Desktop\MyFolder\전공과목\C프로그래밍 example\Project8\Point.h(12,28): error C2143: 구문 오류: ','이(가) '*' 앞에 없습니다.
C:\Users\SiWon\Desktop\MyFolder\전공과목\C프로그래밍 example\Project8\Point.h(14,23): error C2065: 'p': 선언되지 않은 식별자입니다.
C:\Users\SiWon\Desktop\MyFolder\전공과목\C프로그래밍 example\Project8\Point.h(14,29): error C2065: 'p': 선언되지 않은 식별자입니다.
C:\Users\SiWon\Desktop\MyFolder\전공과목\C프로그래밍 example\Project8\Point.h(14,9): warning C4473: 'printf': 서식 문자열에 대한 인수가 충분하게 전달되지 않았습니다.
C:\Users\SiWon\Desktop\MyFolder\전공과목\C프로그래밍 example\Project8\Point.h(14,9): message : 자리 표시자 및 해당 매개 변수에는 variadic 인수가 2개 필요하지만 0개가 제공되었습니다.
C:\Users\SiWon\Desktop\MyFolder\전공과목\C프로그래밍 example\Project8\Point.h(14,9): message : 누락된 variadic 인수 1이(가) 서식 문자열 '%d'에 필요합니다.
C:\Users\SiWon\Desktop\MyFolder\전공과목\C프로그래밍 example\Project8\Point.h(16,15): error C2065: 'Point': 선언되지 않은 식별자입니다.
C:\Users\SiWon\Desktop\MyFolder\전공과목\C프로그래밍 example\Project8\Point.h(16,22): error C2065: 'p': 선언되지 않은 식별자입니다.
C:\Users\SiWon\Desktop\MyFolder\전공과목\C프로그래밍 example\Project8\Point.h(16,25): error C2062: 예기치 않은 'int' 형식입니다.
C:\Users\SiWon\Desktop\MyFolder\전공과목\C프로그래밍 example\Project8\Point.h(17,1): error C2143: 구문 오류: ';'이(가) '{' 앞에 없습니다.
C:\Users\SiWon\Desktop\MyFolder\전공과목\C프로그래밍 example\Project8\Point.h(17,1): error C2447: '{': 함수 헤더가 없습니다. 이전 스타일의 형식 목록입니까?
C:\Users\SiWon\Desktop\MyFolder\전공과목\C프로그래밍 example\Project8\Main.cpp(105,2): error C3861: 'InitPoint': 식별자를 찾을 수 없습니다.
C:\Users\SiWon\Desktop\MyFolder\전공과목\C프로그래밍 example\Project8\Main.cpp(107,16): error C2664: 'void PrintPoint(const int)': 인수 1을(를) 'Point *'에서 'const int'(으)로 변환할 수 없습니다.
C:\Users\SiWon\Desktop\MyFolder\전공과목\C프로그래밍 example\Project8\Main.cpp(107,13): message : 이 변환이 가능한 컨텍스트가 없습니다.
C:\Users\SiWon\Desktop\MyFolder\전공과목\C프로그래밍 example\Project8\Point.h(12,6): message : 'PrintPoint' 선언을 참조하십시오.
C:\Users\SiWon\Desktop\MyFolder\전공과목\C프로그래밍 example\Project8\Main.cpp(109,2): error C3861: 'AddPoint': 식별자를 찾을 수 없습니다.
C:\Users\SiWon\Desktop\MyFolder\전공과목\C프로그래밍 example\Project8\Main.cpp(111,16): error C2664: 'void PrintPoint(const int)': 인수 1을(를) 'Point *'에서 'const int'(으)로 변환할 수 없습니다.
C:\Users\SiWon\Desktop\MyFolder\전공과목\C프로그래밍 example\Project8\Main.cpp(111,13): message : 이 변환이 가능한 컨텍스트가 없습니다.
C:\Users\SiWon\Desktop\MyFolder\전공과목\C프로그래밍 example\Project8\Point.h(12,6): message : 'PrintPoint' 선언을 참조하십시오.
C:\Users\SiWon\Desktop\MyFolder\전공과목\C프로그래밍 example\Project8\Main.cpp(113,2): error C2064: 항은 1개의 인수를 받아들이는 함수로 계산되지 않습니다.
